<?xml version="1.0" encoding="UTF-8"?>
<testsuite name="org.thoughtworks.TestCurrency" tests="2" skipped="0" failures="0" errors="0" timestamp="2021-06-23T04:29:57" hostname="DESKTOP-1NO7M7P" time="0.155">
  <properties/>
  <testcase name="testSeventyFourPointTwoOneRupeesEqualsOneDollar()" classname="org.thoughtworks.TestCurrency" time="0.109"/>
  <testcase name="testSeventyFivePointTwoOneRupeesEqualsOneDollar()" classname="org.thoughtworks.TestCurrency" time="0.034"/>
  <system-out><![CDATA[]]></system-out>
  <system-err><![CDATA[]]></system-err>
</testsuite>
